[ 1/17] about.qmd


processing file: about.qmd
1/3                  
2/3 [unnamed-chunk-1]
3/3                  
output file: about.knit.md

[ 2/17] Hands-on Ex\Hands-on_Ex01\Hand-on_Ex1.qmd


processing file: Hand-on_Ex1.qmd
1/65                   
2/65 [unnamed-chunk-1] 
3/65                   
4/65 [unnamed-chunk-2] 
5/65                   
6/65 [unnamed-chunk-3] 
7/65                   
8/65 [unnamed-chunk-4] 
9/65                   
10/65 [unnamed-chunk-5] 
11/65                   
12/65 [unnamed-chunk-6] 
13/65                   
14/65 [unnamed-chunk-7] 
15/65                   
16/65 [unnamed-chunk-8] 
17/65                   
18/65 [unnamed-chunk-9] 
19/65                   
20/65 [unnamed-chunk-10]
21/65                   
22/65 [unnamed-chunk-11]
23/65                   
24/65 [unnamed-chunk-12]
25/65                   
26/65 [unnamed-chunk-13]
27/65                   
28/65 [unnamed-chunk-14]
29/65                   
30/65 [unnamed-chunk-15]
31/65                   
32/65 [unnamed-chunk-16]
33/65                   
34/65 [unnamed-chunk-17]
35/65                   
36/65 [unnamed-chunk-18]
37/65                   
38/65 [unnamed-chunk-19]
39/65                   
40/65 [unnamed-chunk-20]
41/65                   
42/65 [unnamed-chunk-21]
43/65                   
44/65 [unnamed-chunk-22]
45/65                   
46/65 [unnamed-chunk-23]
47/65                   
48/65 [unnamed-chunk-24]
49/65                   
50/65 [unnamed-chunk-25]
51/65                   
52/65 [unnamed-chunk-26]
53/65                   
54/65 [unnamed-chunk-27]
55/65                   
56/65 [unnamed-chunk-28]
57/65                   
58/65 [unnamed-chunk-29]
59/65                   
60/65 [unnamed-chunk-30]
61/65                   
62/65 [unnamed-chunk-31]
63/65                   
64/65 [unnamed-chunk-32]
65/65                   
output file: Hand-on_Ex1.knit.md

[ 3/17] Hands-on Ex\Hands-on_Ex02\hand-on-ex2.qmd


processing file: hand-on-ex2.qmd
1/61                   
2/61 [unnamed-chunk-1] 
3/61                   
4/61 [unnamed-chunk-2] 
5/61                   
6/61 [unnamed-chunk-3] 
7/61                   
8/61 [unnamed-chunk-4] 
9/61                   
10/61 [unnamed-chunk-5] 
11/61                   
12/61 [unnamed-chunk-6] 
13/61                   
14/61 [unnamed-chunk-7] 
15/61                   
16/61 [unnamed-chunk-8] 
17/61                   
18/61 [unnamed-chunk-9] 
19/61                   
20/61 [unnamed-chunk-10]
21/61                   
22/61 [unnamed-chunk-11]
23/61                   
24/61 [unnamed-chunk-12]
25/61                   
26/61 [unnamed-chunk-13]
27/61                   
28/61 [unnamed-chunk-14]
29/61                   
30/61 [unnamed-chunk-15]
31/61                   
32/61 [unnamed-chunk-16]
33/61                   
34/61 [unnamed-chunk-17]
35/61                   
36/61 [unnamed-chunk-18]
37/61                   
38/61 [unnamed-chunk-19]
39/61                   
40/61 [unnamed-chunk-20]
41/61                   
42/61 [unnamed-chunk-21]
43/61                   
44/61 [unnamed-chunk-22]
45/61                   
46/61 [unnamed-chunk-23]
47/61                   
48/61 [unnamed-chunk-24]
49/61                   
50/61 [unnamed-chunk-25]
51/61                   
52/61 [unnamed-chunk-26]
53/61                   
54/61 [unnamed-chunk-27]
55/61                   
56/61 [unnamed-chunk-28]
57/61                   
58/61 [unnamed-chunk-29]
59/61                   
60/61 [unnamed-chunk-30]
61/61                   
output file: hand-on-ex2.knit.md

[ 4/17] Hands-on Ex\Hands-on_Ex03\Hand-on_Ex3.2.qmd


processing file: Hand-on_Ex3.2.qmd
1/21                   
2/21 [unnamed-chunk-1] 
3/21                   
4/21 [unnamed-chunk-2] 
5/21                   
6/21 [unnamed-chunk-3] 
7/21                   
8/21 [unnamed-chunk-4] 
9/21                   
10/21 [unnamed-chunk-5] 
11/21                   
12/21 [unnamed-chunk-6] 
13/21                   
14/21 [unnamed-chunk-7] 
15/21                   
16/21 [unnamed-chunk-8] 
17/21                   
18/21 [unnamed-chunk-9] 
19/21                   
20/21 [unnamed-chunk-10]
21/21                   
output file: Hand-on_Ex3.2.knit.md

[ 5/17] Hands-on Ex\Hands-on_Ex03\Hand-on_Ex3.qmd


processing file: Hand-on_Ex3.qmd
1/63                   
2/63 [unnamed-chunk-1] 
3/63                   
4/63 [unnamed-chunk-2] 
5/63                   
6/63 [unnamed-chunk-3] 
7/63                   
8/63 [unnamed-chunk-4] 
9/63                   
10/63 [unnamed-chunk-5] 
11/63                   
12/63 [unnamed-chunk-6] 
13/63                   
14/63 [unnamed-chunk-7] 
15/63                   
16/63 [unnamed-chunk-8] 
17/63                   
18/63 [unnamed-chunk-9] 
19/63                   
20/63 [unnamed-chunk-10]
21/63                   
22/63 [unnamed-chunk-11]
23/63                   
24/63 [unnamed-chunk-12]
25/63                   
26/63 [unnamed-chunk-13]
27/63                   
28/63 [unnamed-chunk-14]
29/63                   
30/63 [unnamed-chunk-15]
31/63                   
32/63 [unnamed-chunk-16]
33/63                   
34/63 [unnamed-chunk-17]
35/63                   
36/63 [unnamed-chunk-18]
37/63                   
38/63 [unnamed-chunk-19]
39/63                   
40/63 [unnamed-chunk-20]
41/63                   
42/63 [unnamed-chunk-21]
43/63                   
44/63 [unnamed-chunk-22]
45/63                   
46/63 [unnamed-chunk-23]
47/63                   
48/63 [unnamed-chunk-24]
49/63                   
50/63 [unnamed-chunk-25]
51/63                   
52/63 [unnamed-chunk-26]
53/63                   
54/63 [unnamed-chunk-27]
55/63                   
56/63 [unnamed-chunk-28]
57/63                   
58/63 [unnamed-chunk-29]
59/63                   
60/63 [unnamed-chunk-30]
61/63                   
62/63 [unnamed-chunk-31]
63/63                   
output file: Hand-on_Ex3.knit.md

[ 6/17] Hands-on Ex\Hands-on_Ex04\hand-on_Ex4.1.qmd


processing file: hand-on_Ex4.1.qmd
1/43                   
2/43 [unnamed-chunk-1] 
3/43                   
4/43 [unnamed-chunk-2] 
5/43                   
6/43 [unnamed-chunk-3] 
7/43                   
8/43 [unnamed-chunk-4] 
9/43                   
10/43 [unnamed-chunk-5] 
11/43                   
12/43 [unnamed-chunk-6] 
13/43                   
14/43 [unnamed-chunk-7] 
15/43                   
16/43 [unnamed-chunk-8] 
17/43                   
18/43 [unnamed-chunk-9] 
19/43                   
20/43 [unnamed-chunk-10]
21/43                   
22/43 [unnamed-chunk-11]
23/43                   
24/43 [unnamed-chunk-12]
25/43                   
26/43 [unnamed-chunk-13]
27/43                   
28/43 [unnamed-chunk-14]
29/43                   
30/43 [unnamed-chunk-15]
31/43                   
32/43 [unnamed-chunk-16]
33/43                   
34/43 [unnamed-chunk-17]
35/43                   
36/43 [unnamed-chunk-18]
37/43                   
38/43 [unnamed-chunk-19]
39/43                   
40/43 [unnamed-chunk-20]
41/43                   
42/43 [unnamed-chunk-21]
43/43                   
output file: hand-on_Ex4.1.knit.md

Warning message:
The provided binwidth will cause dots to overflow the boundaries of the
geometry.
→ Set `binwidth = NA` to automatically determine a binwidth that ensures dots
  fit within the bounds,
→ OR set `overflow = "compress"` to automatically reduce the spacing between
  dots to ensure the dots fit within the bounds,
→ OR set `overflow = "keep"` to allow dots to overflow the bounds of the
  geometry without producing a warning.
ℹ For more information, see the documentation of the `binwidth` and `overflow`
  arguments of `?ggdist::geom_dots()` or the section on constraining dot sizes
  in vignette("dotsinterval") (`vignette(ggdist::dotsinterval)`). 
[ 7/17] Hands-on Ex\Hands-on_Ex04\hand-on_Ex4.2.qmd


processing file: hand-on_Ex4.2.qmd
1/17                  
2/17 [unnamed-chunk-1]
3/17                  
4/17 [unnamed-chunk-2]
5/17                  
6/17 [unnamed-chunk-3]
7/17                  
8/17 [unnamed-chunk-4]
9/17                  
10/17 [unnamed-chunk-5]
11/17                  
12/17 [unnamed-chunk-6]
13/17                  
14/17 [unnamed-chunk-7]
15/17                  
16/17 [unnamed-chunk-8]
17/17                  
output file: hand-on_Ex4.2.knit.md

[ 8/17] Hands-on Ex\Hands-on_Ex04\hand-on_Ex4.3.qmd


processing file: hand-on_Ex4.3.qmd
1/37                   
2/37 [unnamed-chunk-1] 
3/37                   
4/37 [unnamed-chunk-2] 
5/37                   
6/37 [unnamed-chunk-3] 
7/37                   
8/37 [unnamed-chunk-4] 
9/37                   
10/37 [unnamed-chunk-5] 
11/37                   
12/37 [unnamed-chunk-6] 
13/37                   
14/37 [unnamed-chunk-7] 
15/37                   
16/37 [unnamed-chunk-8] 
17/37                   
18/37 [unnamed-chunk-9] 
19/37                   
20/37 [unnamed-chunk-10]
21/37                   
22/37 [unnamed-chunk-11]
23/37                   
24/37 [unnamed-chunk-12]
25/37                   
26/37 [unnamed-chunk-13]
27/37                   
28/37 [unnamed-chunk-14]
29/37                   
30/37 [unnamed-chunk-15]
31/37                   
32/37 [unnamed-chunk-16]
33/37                   
34/37 [unnamed-chunk-17]
35/37                   
36/37 [unnamed-chunk-18]
37/37                   
output file: hand-on_Ex4.3.knit.md

[ 9/17] Hands-on Ex\Hands-on_Ex04\hand-on_Ex4.4.qmd


processing file: hand-on_Ex4.4.qmd
1/23                   
2/23 [unnamed-chunk-1] 
3/23                   
4/23 [unnamed-chunk-2] 
5/23                   
6/23 [unnamed-chunk-3] 
7/23                   
8/23 [unnamed-chunk-4] 
9/23                   
10/23 [unnamed-chunk-5] 
11/23                   
12/23 [unnamed-chunk-6] 
13/23                   
14/23 [unnamed-chunk-7] 
15/23                   
16/23 [unnamed-chunk-8] 
17/23                   
18/23 [unnamed-chunk-9] 
19/23                   
20/23 [unnamed-chunk-10]
21/23                   
22/23 [unnamed-chunk-11]
23/23                   
output file: hand-on_Ex4.4.knit.md

[10/17] Hands-on Ex\Hands-on_Ex05\hand-on_Ex5.1.qmd


processing file: hand-on_Ex5.1.qmd
1/13                  
2/13 [unnamed-chunk-1]
3/13                  
4/13 [unnamed-chunk-2]
5/13                  
6/13 [unnamed-chunk-3]
7/13                  
8/13 [unnamed-chunk-4]
9/13                  
10/13 [unnamed-chunk-5]
11/13                  
12/13 [unnamed-chunk-6]
13/13                  
output file: hand-on_Ex5.1.knit.md

[11/17] Hands-on Ex\Hands-on_Ex05\hand-on_Ex5.2.qmd


processing file: hand-on_Ex5.2.qmd
1/47                   
2/47 [unnamed-chunk-1] 
3/47                   
4/47 [unnamed-chunk-2] 
5/47                   
6/47 [unnamed-chunk-3] 
7/47                   
8/47 [unnamed-chunk-4] 
9/47                   
10/47 [unnamed-chunk-5] 
11/47                   
12/47 [unnamed-chunk-6] 
13/47                   
14/47 [unnamed-chunk-7] 
15/47                   
16/47 [unnamed-chunk-8] 
17/47                   
18/47 [unnamed-chunk-9] 
19/47                   
20/47 [unnamed-chunk-10]
21/47                   
22/47 [unnamed-chunk-11]
23/47                   
24/47 [unnamed-chunk-12]
25/47                   
26/47 [unnamed-chunk-13]
27/47                   
28/47 [unnamed-chunk-14]
29/47                   
30/47 [unnamed-chunk-15]
31/47                   
32/47 [unnamed-chunk-16]
33/47                   
34/47 [unnamed-chunk-17]
35/47                   
36/47 [unnamed-chunk-18]
37/47                   
38/47 [unnamed-chunk-19]
39/47                   
40/47 [unnamed-chunk-20]
41/47                   
42/47 [unnamed-chunk-21]
43/47                   
44/47 [unnamed-chunk-22]
45/47                   
46/47 [unnamed-chunk-23]
47/47                   
output file: hand-on_Ex5.2.knit.md

[12/17] Hands-on Ex\Hands-on_Ex05\hand-on_Ex5.3.qmd


processing file: hand-on_Ex5.3.qmd
1/45                   
2/45 [unnamed-chunk-1] 
3/45                   
4/45 [unnamed-chunk-2] 
5/45                   
6/45 [unnamed-chunk-3] 
7/45                   
8/45 [unnamed-chunk-4] 
9/45                   
10/45 [unnamed-chunk-5] 
11/45                   
12/45 [unnamed-chunk-6] 
13/45                   
14/45 [unnamed-chunk-7] 
15/45                   
16/45 [unnamed-chunk-8] 
17/45                   
18/45 [unnamed-chunk-9] 
19/45                   
20/45 [unnamed-chunk-10]
21/45                   
22/45 [unnamed-chunk-11]
23/45                   
24/45 [unnamed-chunk-12]
25/45                   
26/45 [unnamed-chunk-13]
27/45                   
28/45 [unnamed-chunk-14]
29/45                   
30/45 [unnamed-chunk-15]
31/45                   
32/45 [unnamed-chunk-16]
33/45                   
34/45 [unnamed-chunk-17]
35/45                   
36/45 [unnamed-chunk-18]
37/45                   
38/45 [unnamed-chunk-19]
39/45                   
40/45 [unnamed-chunk-20]
41/45                   
42/45 [unnamed-chunk-21]
43/45                   
44/45 [unnamed-chunk-22]
45/45                   
output file: hand-on_Ex5.3.knit.md

[13/17] Hands-on Ex\Hands-on_Ex05\hand-on_Ex5.4.qmd


processing file: hand-on_Ex5.4.qmd
1/23                   
2/23 [unnamed-chunk-1] 
3/23                   
4/23 [unnamed-chunk-2] 
5/23                   
6/23 [unnamed-chunk-3] 
7/23                   
8/23 [unnamed-chunk-4] 
9/23                   
10/23 [unnamed-chunk-5] 
11/23                   
12/23 [unnamed-chunk-6] 
13/23                   
14/23 [unnamed-chunk-7] 
15/23                   
16/23 [unnamed-chunk-8] 
17/23                   
18/23 [unnamed-chunk-9] 
19/23                   
20/23 [unnamed-chunk-10]
21/23                   
22/23 [unnamed-chunk-11]
23/23                   
output file: hand-on_Ex5.4.knit.md

[14/17] Hands-on Ex\Hands-on_Ex05\hand-on_Ex5.5.qmd


processing file: hand-on_Ex5.5.qmd
1/43                   
2/43 [unnamed-chunk-1] 
3/43                   
4/43 [unnamed-chunk-2] 
5/43                   
6/43 [unnamed-chunk-3] 
7/43                   
8/43 [unnamed-chunk-4] 
9/43                   
10/43 [unnamed-chunk-5] 
11/43                   
12/43 [unnamed-chunk-6] 
13/43                   
14/43 [unnamed-chunk-7] 
15/43                   
16/43 [unnamed-chunk-8] 
17/43                   
18/43 [unnamed-chunk-9] 
19/43                   
20/43 [unnamed-chunk-10]
21/43                   
22/43 [unnamed-chunk-11]
23/43                   
24/43 [unnamed-chunk-12]
25/43                   
26/43 [unnamed-chunk-13]
27/43                   
28/43 [unnamed-chunk-14]
29/43                   
30/43 [unnamed-chunk-15]
31/43                   
32/43 [unnamed-chunk-16]
33/43                   
34/43 [unnamed-chunk-17]
35/43                   
36/43 [unnamed-chunk-18]
37/43                   
38/43 [unnamed-chunk-19]
39/43                   
40/43 [unnamed-chunk-20]
41/43                   
42/43 [unnamed-chunk-21]
43/43                   
output file: hand-on_Ex5.5.knit.md

[15/17] Hands-on Ex\Hands-on_Ex07\hand-on_Ex7.qmd


processing file: hand-on_Ex7.qmd
1/39                   
2/39 [unnamed-chunk-1] 
trying URL 'http://cran.rstudio.com/bin/windows/contrib/4.5/ggHoriPlot_1.0.1.zip'
Content type 'application/zip' length 3698417 bytes (3.5 MB)
==================================================
downloaded 3.5 MB

3/39                   
4/39 [unnamed-chunk-2] 
5/39                   
6/39 [unnamed-chunk-3] 
7/39                   
8/39 [unnamed-chunk-4] 
9/39                   
10/39 [unnamed-chunk-5] 
11/39                   
12/39 [unnamed-chunk-6] 
13/39                   
14/39 [unnamed-chunk-7] 
15/39                   
16/39 [unnamed-chunk-8] 
17/39                   
18/39 [unnamed-chunk-9] 
19/39                   
20/39 [unnamed-chunk-10]
21/39                   
22/39 [unnamed-chunk-11]
23/39                   
24/39 [unnamed-chunk-12]
25/39                   
26/39 [unnamed-chunk-13]
27/39                   
28/39 [unnamed-chunk-14]
29/39                   
30/39 [unnamed-chunk-15]
31/39                   
32/39 [unnamed-chunk-16]
33/39                   
34/39 [unnamed-chunk-17]
35/39                   
36/39 [unnamed-chunk-18]
37/39                   
38/39 [unnamed-chunk-19]
Error in `newggslopegraph()`:
! could not find function "newggslopegraph"
Backtrace:
    ▆
 1. └─... %>% ...
There were 17 warnings (use warnings() to see them)

Quitting from hand-on_Ex7.qmd:360-369 [unnamed-chunk-19]
Execution halted
WARN: Error encountered when rendering files
